2011-08-22 17:35:30 (App.java:141) [INFO ]:工具已启动
2011-08-22 17:35:38 (App.java:292) [DEBUG]:开始反编译xml文件
2011-08-22 17:35:38 (App.java:330) [ERROR]:
java.lang.ArrayIndexOutOfBoundsException: 11
	at brut.androlib.res.decoder.StringBlock.getShort(Unknown Source)
	at brut.androlib.res.decoder.StringBlock.getString(Unknown Source)
	at brut.androlib.res.decoder.ARSCDecoder.readType(Unknown Source)
	at brut.androlib.res.decoder.ARSCDecoder.readPackage(Unknown Source)
	at brut.androlib.res.decoder.ARSCDecoder.readTable(Unknown Source)
	at brut.androlib.res.decoder.ARSCDecoder.decode(Unknown Source)
	at brut.androlib.res.AndrolibResources.loadArsc(Unknown Source)
	at brut.androlib.res.AndrolibResources.decodeArsc(Unknown Source)
	at brut.androlib.res.AndrolibResources.getResTable(Unknown Source)
	at brut.androlib.Androlib.getResTable(Unknown Source)
	at brut.androlib.ApkDecoder.getResTable(Unknown Source)
	at brut.androlib.ApkDecoder.decode(Unknown Source)
	at brut.apktool.Main.cmdDecode(Unknown Source)
	at brut.apktool.Main.main(Unknown Source)
	at com.mikameng.tool.App.deCompileXml(App.java:245)
	at com.mikameng.tool.App.access$500(App.java:26)
	at com.mikameng.tool.App$DeCompile.run(App.java:320)
2011-08-22 17:35:39 (App.java:292) [DEBUG]:反编译完成....
